Performing C SOURCE FILE Test CMAKE_HAVE_LIBC_PTHREAD failed with the following output:
Change Dir: /home/yury/ShubA-13/workspace/projects/lab07_1/_builds/default/CMakeFiles/CMakeTmp

Run Build Command(s):/usr/bin/make cmTC_f1988/fast && /usr/bin/make -f CMakeFiles/cmTC_f1988.dir/build.make CMakeFiles/cmTC_f1988.dir/build
make[1]: вход в каталог «/home/yury/ShubA-13/workspace/projects/lab07_1/_builds/default/CMakeFiles/CMakeTmp»
Building C object CMakeFiles/cmTC_f1988.dir/src.c.o
/usr/bin/cc   -DCMAKE_HAVE_LIBC_PTHREAD   -o CMakeFiles/cmTC_f1988.dir/src.c.o   -c /home/yury/ShubA-13/workspace/projects/lab07_1/_builds/default/CMakeFiles/CMakeTmp/src.c
Linking C executable cmTC_f1988
/usr/bin/cmake -E cmake_link_script CMakeFiles/cmTC_f1988.dir/link.txt --verbose=1
/usr/bin/cc  -DCMAKE_HAVE_LIBC_PTHREAD    -rdynamic CMakeFiles/cmTC_f1988.dir/src.c.o  -o cmTC_f1988 
/usr/bin/ld: CMakeFiles/cmTC_f1988.dir/src.c.o: в функции «main»:
src.c:(.text+0x3e): неопределённая ссылка на «pthread_create»
/usr/bin/ld: src.c:(.text+0x4a): неопределённая ссылка на «pthread_detach»
/usr/bin/ld: src.c:(.text+0x5b): неопределённая ссылка на «pthread_join»
collect2: error: ld returned 1 exit status
make[1]: *** [CMakeFiles/cmTC_f1988.dir/build.make:87: cmTC_f1988] Ошибка 1
make[1]: выход из каталога «/home/yury/ShubA-13/workspace/projects/lab07_1/_builds/default/CMakeFiles/CMakeTmp»
make: *** [Makefile:121: cmTC_f1988/fast] Ошибка 2


Source file was:
#include <pthread.h>

void* test_func(void* data)
{
  return data;
}

int main(void)
{
  pthread_t thread;
  pthread_create(&thread, NULL, test_func, NULL);
  pthread_detach(thread);
  pthread_join(thread, NULL);
  pthread_atfork(NULL, NULL, NULL);
  pthread_exit(NULL);

  return 0;
}

